<?xml version="1.0" encoding="UTF-8"?>
<testsuite xmlns:xsi="http://www.w3.org/2001/XMLSchema-instance" xsi:noNamespaceSchemaLocation="https://maven.apache.org/surefire/maven-surefire-plugin/xsd/surefire-test-report.xsd" name="com.epf.rentmanager.AppTest" time="0.073" tests="2" errors="0" skipped="0" failures="1">
  <properties>
[...]
</properties>
  <testcase name="shouldAnswerWithTrue" classname="com.epf.rentmanager.AppTest" time="0.002"/>
  <testcase name="shouldAnswerWithTrue2" classname="com.epf.rentmanager.AppTest" time="0.024">
    <failure message="Unexpected exception type thrown ==&gt; expected: &lt;com.epf.rentmanager.exception.ContrainteException&gt; but was: &lt;java.lang.NullPointerException&gt;" type="org.opentest4j.AssertionFailedError"><![CDATA[org.opentest4j.AssertionFailedError: Unexpected exception type thrown ==> expected: <com.epf.rentmanager.exception.ContrainteException> but was: <java.lang.NullPointerException>
	at com.epf.rentmanager.AppTest.shouldAnswerWithTrue2(AppTest.java:40)
Caused by: java.lang.NullPointerException: Cannot invoke "com.epf.rentmanager.dao.ClientDao.create(com.epf.rentmanager.model.Client)" because "this.clientDao" is null
	at com.epf.rentmanager.AppTest.lambda$0(AppTest.java:40)
	at com.epf.rentmanager.AppTest.shouldAnswerWithTrue2(AppTest.java:40)
]]></failure>
  </testcase>
</testsuite>